<?xml version="1.0" encoding="UTF-8"?>
<!-- Generated by org.testng.reporters.JUnitReportReporter -->
<testsuite hostname="DESKTOP-V9AAJ8M" failures="0" tests="2" name="NewTest" time="0.014" errors="0" timestamp="2022-11-02T20:21:02 EDT" skipped="0">
  <testcase classname="NewTest" name="canRunTestNGTest" time="0.013"/>
  <system-out/>
  <testcase classname="NewTest" name="canUseVar" time="0.001"/>
  <system-out/>
</testsuite> <!-- NewTest -->
