<?xml version="1.0" encoding="UTF-8"?>
<!-- Generated by org.testng.reporters.JUnitReportReporter -->
<testsuite hostname="DESKTOP-V9AAJ8M" failures="0" tests="1" name="DataProviderTests" time="0.008" errors="0" timestamp="2022-11-03T21:05:45 EDT" skipped="0">
  <testcase classname="DataProviderTests" name="canGetStateNameFromObjectMother" time="0.008"/>
  <system-out/>
</testsuite> <!-- DataProviderTests -->
